  [1m[35m (332.4ms)[0m  [1m[35mCREATE DATABASE "stockx-clone_development" ENCODING = 'unicode'[0m
  ↳ bin/rails:9
  [1m[35m (123.0ms)[0m  [1m[35mCREATE DATABASE "stockx-clone_test" ENCODING = 'unicode'[0m
  ↳ bin/rails:9
  [1m[35m (48.8ms)[0m  [1m[35mCREATE TABLE "schema_migrations" ("version" character varying NOT NULL PRIMARY KEY)[0m
  ↳ bin/rails:9
  [1m[35m (3.8ms)[0m  [1m[35mCREATE TABLE "ar_internal_metadata" ("key" character varying NOT NULL PRIMARY KEY, "value" character varying, "created_at" timestamp NOT NULL, "updated_at" timestamp NOT NULL)[0m
  ↳ bin/rails:9
  [1m[35m (1.6ms)[0m  [1m[34mSELECT pg_try_advisory_lock(266188667795485890)[0m
  ↳ bin/rails:9
  [1m[35m (0.6ms)[0m  [1m[34mSELECT "schema_migrations"."version" FROM "schema_migrations" ORDER BY "schema_migrations"."version" ASC[0m
  ↳ bin/rails:9
Migrating to CreateUsers (20200107174400)
  [1m[35m (0.6ms)[0m  [1m[35mBEGIN[0m
  ↳ bin/rails:9
  [1m[35m (36.7ms)[0m  [1m[35mCREATE TABLE "users" ("id" bigserial primary key, "username" character varying NOT NULL, "password_digest" character varying NOT NULL, "email" character varying NOT NULL, "session_token" character varying NOT NULL, "created_at" timestamp NOT NULL, "updated_at" timestamp NOT NULL)[0m
  ↳ db/migrate/20200107174400_create_users.rb:3
  [1m[35m (1.3ms)[0m  [1m[35mCREATE UNIQUE INDEX  "index_users_on_username" ON "users"  ("username")[0m
  ↳ db/migrate/20200107174400_create_users.rb:11
  [1m[35m (14.9ms)[0m  [1m[35mCREATE UNIQUE INDEX  "index_users_on_email" ON "users"  ("email")[0m
  ↳ db/migrate/20200107174400_create_users.rb:12
  [1m[36mActiveRecord::SchemaMigration Create (4.1ms)[0m  [1m[32mINSERT INTO "schema_migrations" ("version") VALUES ($1) RETURNING "version"[0m  [["version", "20200107174400"]]
  ↳ bin/rails:9
  [1m[35m (2.1ms)[0m  [1m[35mCOMMIT[0m
  ↳ bin/rails:9
  [1m[36mActiveRecord::InternalMetadata Load (1.3ms)[0m  [1m[34mSELECT  "ar_internal_metadata".* FROM "ar_internal_metadata" WHERE "ar_internal_metadata"."key" = $1 LIMIT $2[0m  [["key", "environment"], ["LIMIT", 1]]
  ↳ bin/rails:9
  [1m[35m (0.1ms)[0m  [1m[35mBEGIN[0m
  ↳ bin/rails:9
  [1m[36mActiveRecord::InternalMetadata Create (1.0ms)[0m  [1m[32mINSERT INTO "ar_internal_metadata" ("key", "value", "created_at", "updated_at") VALUES ($1, $2, $3, $4) RETURNING "key"[0m  [["key", "environment"], ["value", "development"], ["created_at", "2020-01-07 17:45:45.856844"], ["updated_at", "2020-01-07 17:45:45.856844"]]
  ↳ bin/rails:9
  [1m[35m (0.3ms)[0m  [1m[35mCOMMIT[0m
  ↳ bin/rails:9
  [1m[35m (0.2ms)[0m  [1m[34mSELECT pg_advisory_unlock(266188667795485890)[0m
  ↳ bin/rails:9
  [1m[35m (0.2ms)[0m  [1m[34mSELECT "schema_migrations"."version" FROM "schema_migrations" ORDER BY "schema_migrations"."version" ASC[0m
  ↳ bin/rails:9
  [1m[35m (0.3ms)[0m  [1m[34mSELECT pg_try_advisory_lock(266188667795485890)[0m
  ↳ bin/rails:9
  [1m[35m (1.5ms)[0m  [1m[34mSELECT "schema_migrations"."version" FROM "schema_migrations" ORDER BY "schema_migrations"."version" ASC[0m
  ↳ bin/rails:9
  [1m[36mActiveRecord::InternalMetadata Load (2.9ms)[0m  [1m[34mSELECT  "ar_internal_metadata".* FROM "ar_internal_metadata" WHERE "ar_internal_metadata"."key" = $1 LIMIT $2[0m  [["key", "environment"], ["LIMIT", 1]]
  ↳ bin/rails:9
  [1m[35m (0.2ms)[0m  [1m[35mBEGIN[0m
  ↳ bin/rails:9
  [1m[35m (0.1ms)[0m  [1m[35mCOMMIT[0m
  ↳ bin/rails:9
  [1m[35m (0.3ms)[0m  [1m[34mSELECT pg_advisory_unlock(266188667795485890)[0m
  ↳ bin/rails:9
  [1m[35m (0.3ms)[0m  [1m[34mSELECT "schema_migrations"."version" FROM "schema_migrations" ORDER BY "schema_migrations"."version" ASC[0m
  ↳ bin/rails:9
  [1m[35m (0.9ms)[0m  [1m[34mSELECT "schema_migrations"."version" FROM "schema_migrations" ORDER BY "schema_migrations"."version" ASC[0m
  ↳ bin/rails:9
  [1m[35m (0.8ms)[0m  [1m[34mSELECT "schema_migrations"."version" FROM "schema_migrations" ORDER BY "schema_migrations"."version" ASC[0m
  ↳ bin/rails:9
  [1m[35m (0.3ms)[0m  [1m[35mBEGIN[0m
  ↳ db/seeds.rb:9
  [1m[36mUser Exists (4.4ms)[0m  [1m[34mSELECT  1 AS one FROM "users" WHERE "users"."username" = $1 LIMIT $2[0m  [["username", "admin"], ["LIMIT", 1]]
  ↳ db/seeds.rb:9
  [1m[36mUser Exists (0.5ms)[0m  [1m[34mSELECT  1 AS one FROM "users" WHERE "users"."session_token" = $1 LIMIT $2[0m  [["session_token", "4kS4y3l_IIhfOfl_lC7IRg"], ["LIMIT", 1]]
  ↳ db/seeds.rb:9
  [1m[36mUser Create (0.8ms)[0m  [1m[32mINSERT INTO "users" ("username", "password_digest", "email", "session_token", "created_at", "updated_at") VALUES ($1, $2, $3, $4, $5, $6) RETURNING "id"[0m  [["username", "admin"], ["password_digest", "$2a$12$NvxM98BW1BFTg19u51gNu.nGDjY91LFI0VvKfAMT7eZXwt4lfNQLG"], ["email", "admin@site.com"], ["session_token", "4kS4y3l_IIhfOfl_lC7IRg"], ["created_at", "2020-01-07 21:20:27.938599"], ["updated_at", "2020-01-07 21:20:27.938599"]]
  ↳ db/seeds.rb:9
  [1m[35m (1.1ms)[0m  [1m[35mCOMMIT[0m
  ↳ db/seeds.rb:9
  [1m[35m (1.6ms)[0m  [1m[34mSELECT "schema_migrations"."version" FROM "schema_migrations" ORDER BY "schema_migrations"."version" ASC[0m
  ↳ bin/rails:9
  [1m[36mUser Load (0.8ms)[0m  [1m[34mSELECT "users".* FROM "users"[0m
  ↳ db/seeds.rb:9
  [1m[35m (0.2ms)[0m  [1m[35mBEGIN[0m
  ↳ db/seeds.rb:9
  [1m[36mUser Destroy (5.3ms)[0m  [1m[31mDELETE FROM "users" WHERE "users"."id" = $1[0m  [["id", 1]]
  ↳ db/seeds.rb:9
  [1m[35m (0.8ms)[0m  [1m[35mCOMMIT[0m
  ↳ db/seeds.rb:9
  [1m[35m (0.2ms)[0m  [1m[35mBEGIN[0m
  ↳ db/seeds.rb:11
  [1m[36mUser Exists (0.6ms)[0m  [1m[34mSELECT  1 AS one FROM "users" WHERE "users"."username" = $1 LIMIT $2[0m  [["username", "admin"], ["LIMIT", 1]]
  ↳ db/seeds.rb:11
  [1m[36mUser Exists (0.3ms)[0m  [1m[34mSELECT  1 AS one FROM "users" WHERE "users"."session_token" = $1 LIMIT $2[0m  [["session_token", "RxKByJHvi7aOZ13jcrb93w"], ["LIMIT", 1]]
  ↳ db/seeds.rb:11
  [1m[36mUser Create (0.5ms)[0m  [1m[32mINSERT INTO "users" ("username", "password_digest", "email", "session_token", "created_at", "updated_at") VALUES ($1, $2, $3, $4, $5, $6) RETURNING "id"[0m  [["username", "admin"], ["password_digest", "$2a$12$bRZG.EghuJfqst2A8WC3IOfd99JB6zz2fvsD792oTHALWPdFuknGW"], ["email", "admin@site.com"], ["session_token", "RxKByJHvi7aOZ13jcrb93w"], ["created_at", "2020-01-07 21:20:41.895565"], ["updated_at", "2020-01-07 21:20:41.895565"]]
  ↳ db/seeds.rb:11
  [1m[35m (1.2ms)[0m  [1m[35mCOMMIT[0m
  ↳ db/seeds.rb:11
  [1m[36mUser Load (0.7ms)[0m  [1m[34mSELECT  "users".* FROM "users" LIMIT $1[0m  [["LIMIT", 11]]
Started GET "/" for ::1 at 2020-01-07 15:20:12 -0800
  [1m[35m (1.1ms)[0m  [1m[34mSELECT "schema_migrations"."version" FROM "schema_migrations" ORDER BY "schema_migrations"."version" ASC[0m
  ↳ /Users/richie/.rbenv/versions/2.5.1/lib/ruby/gems/2.5.0/gems/activerecord-5.2.4.1/lib/active_record/log_subscriber.rb:98
  
ActionController::RoutingError (uninitialized constant StaticPagesController):
  
bootsnap (1.4.5) lib/bootsnap/load_path_cache/core_ext/active_support.rb:79:in `block in load_missing_constant'
bootsnap (1.4.5) lib/bootsnap/load_path_cache/core_ext/active_support.rb:8:in `without_bootsnap_cache'
bootsnap (1.4.5) lib/bootsnap/load_path_cache/core_ext/active_support.rb:79:in `rescue in load_missing_constant'
bootsnap (1.4.5) lib/bootsnap/load_path_cache/core_ext/active_support.rb:58:in `load_missing_constant'
activesupport (5.2.4.1) lib/active_support/inflector/methods.rb:283:in `const_get'
activesupport (5.2.4.1) lib/active_support/inflector/methods.rb:283:in `block in constantize'
activesupport (5.2.4.1) lib/active_support/inflector/methods.rb:281:in `each'
activesupport (5.2.4.1) lib/active_support/inflector/methods.rb:281:in `inject'
activesupport (5.2.4.1) lib/active_support/inflector/methods.rb:281:in `constantize'
actionpack (5.2.4.1) lib/action_dispatch/http/request.rb:88:in `controller_class_for'
actionpack (5.2.4.1) lib/action_dispatch/http/request.rb:81:in `controller_class'
actionpack (5.2.4.1) lib/action_dispatch/routing/route_set.rb:46:in `controller'
actionpack (5.2.4.1) lib/action_dispatch/routing/route_set.rb:32:in `serve'
actionpack (5.2.4.1) lib/action_dispatch/journey/router.rb:52:in `block in serve'
actionpack (5.2.4.1) lib/action_dispatch/journey/router.rb:35:in `each'
actionpack (5.2.4.1) lib/action_dispatch/journey/router.rb:35:in `serve'
actionpack (5.2.4.1) lib/action_dispatch/routing/route_set.rb:840:in `call'
rack (2.0.8) lib/rack/tempfile_reaper.rb:15:in `call'
rack (2.0.8) lib/rack/etag.rb:25:in `call'
rack (2.0.8) lib/rack/conditional_get.rb:25:in `call'
rack (2.0.8) lib/rack/head.rb:12:in `call'
actionpack (5.2.4.1) lib/action_dispatch/http/content_security_policy.rb:18:in `call'
rack (2.0.8) lib/rack/session/abstract/id.rb:259:in `context'
rack (2.0.8) lib/rack/session/abstract/id.rb:253:in `call'
actionpack (5.2.4.1) lib/action_dispatch/middleware/cookies.rb:670:in `call'
activerecord (5.2.4.1) lib/active_record/migration.rb:559:in `call'
actionpack (5.2.4.1) lib/action_dispatch/middleware/callbacks.rb:28:in `block in call'
activesupport (5.2.4.1) lib/active_support/callbacks.rb:98:in `run_callbacks'
actionpack (5.2.4.1) lib/action_dispatch/middleware/callbacks.rb:26:in `call'
actionpack (5.2.4.1) lib/action_dispatch/middleware/executor.rb:14:in `call'
actionpack (5.2.4.1) lib/action_dispatch/middleware/debug_exceptions.rb:61:in `call'
web-console (3.7.0) lib/web_console/middleware.rb:135:in `call_app'
web-console (3.7.0) lib/web_console/middleware.rb:30:in `block in call'
web-console (3.7.0) lib/web_console/middleware.rb:20:in `catch'
web-console (3.7.0) lib/web_console/middleware.rb:20:in `call'
actionpack (5.2.4.1) lib/action_dispatch/middleware/show_exceptions.rb:33:in `call'
railties (5.2.4.1) lib/rails/rack/logger.rb:38:in `call_app'
railties (5.2.4.1) lib/rails/rack/logger.rb:26:in `block in call'
activesupport (5.2.4.1) lib/active_support/tagged_logging.rb:71:in `block in tagged'
activesupport (5.2.4.1) lib/active_support/tagged_logging.rb:28:in `tagged'
activesupport (5.2.4.1) lib/active_support/tagged_logging.rb:71:in `tagged'
railties (5.2.4.1) lib/rails/rack/logger.rb:26:in `call'
sprockets-rails (3.2.1) lib/sprockets/rails/quiet_assets.rb:13:in `call'
actionpack (5.2.4.1) lib/action_dispatch/middleware/remote_ip.rb:81:in `call'
actionpack (5.2.4.1) lib/action_dispatch/middleware/request_id.rb:27:in `call'
rack (2.0.8) lib/rack/method_override.rb:22:in `call'
rack (2.0.8) lib/rack/runtime.rb:22:in `call'
activesupport (5.2.4.1) lib/active_support/cache/strategy/local_cache_middleware.rb:29:in `call'
actionpack (5.2.4.1) lib/action_dispatch/middleware/executor.rb:14:in `call'
actionpack (5.2.4.1) lib/action_dispatch/middleware/static.rb:127:in `call'
rack (2.0.8) lib/rack/sendfile.rb:111:in `call'
railties (5.2.4.1) lib/rails/engine.rb:524:in `call'
puma (3.12.2) lib/puma/configuration.rb:227:in `call'
puma (3.12.2) lib/puma/server.rb:674:in `handle_request'
puma (3.12.2) lib/puma/server.rb:476:in `process_client'
puma (3.12.2) lib/puma/server.rb:334:in `block in run'
puma (3.12.2) lib/puma/thread_pool.rb:135:in `block in spawn_thread'
Started GET "/" for ::1 at 2020-01-07 15:21:15 -0800
Processing by StaticPagesController#root as HTML
  Rendering static_pages/root.html.erb within layouts/application
  Rendered static_pages/root.html.erb within layouts/application (0.4ms)
Completed 200 OK in 2248ms (Views: 2244.3ms | ActiveRecord: 0.0ms)


Started GET "/" for ::1 at 2020-01-07 15:21:20 -0800
Processing by StaticPagesController#root as HTML
  Rendering static_pages/root.html.erb within layouts/application
  Rendered static_pages/root.html.erb within layouts/application (0.7ms)
Completed 200 OK in 30ms (Views: 27.6ms | ActiveRecord: 0.0ms)


Started GET "/" for ::1 at 2020-01-07 15:24:35 -0800
Processing by StaticPagesController#root as HTML
  Rendering static_pages/root.html.erb within layouts/application
  Rendered static_pages/root.html.erb within layouts/application (0.7ms)
Completed 200 OK in 42ms (Views: 38.4ms | ActiveRecord: 0.0ms)


Started GET "/" for ::1 at 2020-01-07 15:24:36 -0800
Processing by StaticPagesController#root as HTML
  Rendering static_pages/root.html.erb within layouts/application
  Rendered static_pages/root.html.erb within layouts/application (0.6ms)
Completed 200 OK in 35ms (Views: 31.1ms | ActiveRecord: 0.0ms)


Started GET "/" for ::1 at 2020-01-07 15:27:23 -0800
Processing by StaticPagesController#root as HTML
  Rendering static_pages/root.html.erb within layouts/application
  Rendered static_pages/root.html.erb within layouts/application (4.3ms)
Completed 200 OK in 429ms (Views: 390.4ms | ActiveRecord: 0.0ms)


Started GET "/" for ::1 at 2020-01-07 15:27:52 -0800
Processing by StaticPagesController#root as HTML
  Rendering static_pages/root.html.erb within layouts/application
  Rendered static_pages/root.html.erb within layouts/application (0.7ms)
Completed 200 OK in 407ms (Views: 402.2ms | ActiveRecord: 0.0ms)


Started GET "/" for ::1 at 2020-01-07 15:29:35 -0800
Processing by StaticPagesController#root as HTML
  Rendering static_pages/root.html.erb within layouts/application
  Rendered static_pages/root.html.erb within layouts/application (0.9ms)
Completed 200 OK in 540ms (Views: 535.3ms | ActiveRecord: 0.0ms)


Started GET "/" for ::1 at 2020-01-07 15:30:15 -0800
Processing by StaticPagesController#root as HTML
  Rendering static_pages/root.html.erb within layouts/application
  Rendered static_pages/root.html.erb within layouts/application (5.7ms)
Completed 200 OK in 867ms (Views: 857.6ms | ActiveRecord: 0.0ms)


Started GET "/" for ::1 at 2020-01-07 15:30:49 -0800
Processing by StaticPagesController#root as HTML
  Rendering static_pages/root.html.erb within layouts/application
  Rendered static_pages/root.html.erb within layouts/application (0.8ms)
Completed 200 OK in 422ms (Views: 414.5ms | ActiveRecord: 0.0ms)


Started GET "/" for ::1 at 2020-01-07 15:30:56 -0800
Processing by StaticPagesController#root as HTML
  Rendering static_pages/root.html.erb within layouts/application
  Rendered static_pages/root.html.erb within layouts/application (0.7ms)
Completed 200 OK in 45ms (Views: 41.3ms | ActiveRecord: 0.0ms)


Started GET "/" for ::1 at 2020-01-07 15:30:58 -0800
Processing by StaticPagesController#root as HTML
  Rendering static_pages/root.html.erb within layouts/application
  Rendered static_pages/root.html.erb within layouts/application (0.7ms)
Completed 200 OK in 35ms (Views: 30.8ms | ActiveRecord: 0.0ms)


Started GET "/" for ::1 at 2020-01-07 15:31:00 -0800
Processing by StaticPagesController#root as HTML
  Rendering static_pages/root.html.erb within layouts/application
  Rendered static_pages/root.html.erb within layouts/application (0.7ms)
Completed 200 OK in 35ms (Views: 31.8ms | ActiveRecord: 0.0ms)


Started GET "/" for ::1 at 2020-01-07 15:31:49 -0800
Processing by StaticPagesController#root as HTML
  Rendering static_pages/root.html.erb within layouts/application
  Rendered static_pages/root.html.erb within layouts/application (0.7ms)
Completed 200 OK in 381ms (Views: 376.5ms | ActiveRecord: 0.0ms)


Started GET "/" for ::1 at 2020-01-07 15:32:23 -0800
Processing by StaticPagesController#root as HTML
  Rendering static_pages/root.html.erb within layouts/application
  Rendered static_pages/root.html.erb within layouts/application (0.9ms)
Completed 200 OK in 416ms (Views: 408.9ms | ActiveRecord: 0.0ms)


Started GET "/" for ::1 at 2020-01-07 15:32:57 -0800
Processing by StaticPagesController#root as HTML
  Rendering static_pages/root.html.erb within layouts/application
  Rendered static_pages/root.html.erb within layouts/application (0.7ms)
Completed 200 OK in 586ms (Views: 581.7ms | ActiveRecord: 0.0ms)


Started GET "/" for ::1 at 2020-01-07 15:33:10 -0800
Processing by StaticPagesController#root as HTML
  Rendering static_pages/root.html.erb within layouts/application
  Rendered static_pages/root.html.erb within layouts/application (1.0ms)
Completed 200 OK in 395ms (Views: 390.1ms | ActiveRecord: 0.0ms)


Started GET "/" for ::1 at 2020-01-07 15:33:14 -0800
Processing by StaticPagesController#root as HTML
  Rendering static_pages/root.html.erb within layouts/application
  Rendered static_pages/root.html.erb within layouts/application (0.7ms)
Completed 200 OK in 36ms (Views: 31.8ms | ActiveRecord: 0.0ms)


Started GET "/" for ::1 at 2020-01-07 15:33:34 -0800
Processing by StaticPagesController#root as HTML
  Rendering static_pages/root.html.erb within layouts/application
  Rendered static_pages/root.html.erb within layouts/application (0.8ms)
Completed 200 OK in 52ms (Views: 48.6ms | ActiveRecord: 0.0ms)


Started GET "/" for ::1 at 2020-01-07 15:33:35 -0800
Processing by StaticPagesController#root as HTML
  Rendering static_pages/root.html.erb within layouts/application
  Rendered static_pages/root.html.erb within layouts/application (0.5ms)
Completed 200 OK in 48ms (Views: 42.0ms | ActiveRecord: 0.0ms)


Started GET "/" for ::1 at 2020-01-07 15:33:49 -0800
Processing by StaticPagesController#root as HTML
  Rendering static_pages/root.html.erb within layouts/application
  Rendered static_pages/root.html.erb within layouts/application (1.3ms)
Completed 200 OK in 425ms (Views: 420.3ms | ActiveRecord: 0.0ms)


Started GET "/" for ::1 at 2020-01-07 15:34:43 -0800
Processing by StaticPagesController#root as HTML
  Rendering static_pages/root.html.erb within layouts/application
  Rendered static_pages/root.html.erb within layouts/application (0.7ms)
Completed 200 OK in 76ms (Views: 70.9ms | ActiveRecord: 0.0ms)


Started POST "/api/users" for ::1 at 2020-01-07 15:34:51 -0800
Processing by Api::UsersController#create as JSON
  Parameters: {"user"=>{"username"=>"michael_jackson", "email"=>"google@google.com", "password"=>"[FILTERED]", "id"=>""}}
Unpermitted parameter: :id
  [1m[35m (0.3ms)[0m  [1m[35mBEGIN[0m
  ↳ app/controllers/api/users_controller.rb:8
  [1m[36mUser Exists (2.5ms)[0m  [1m[34mSELECT  1 AS one FROM "users" WHERE "users"."username" = $1 LIMIT $2[0m  [["username", "michael_jackson"], ["LIMIT", 1]]
  ↳ app/controllers/api/users_controller.rb:8
  [1m[36mUser Exists (0.4ms)[0m  [1m[34mSELECT  1 AS one FROM "users" WHERE "users"."session_token" = $1 LIMIT $2[0m  [["session_token", "QTuecpG4gVrtumxXpUwnlg"], ["LIMIT", 1]]
  ↳ app/controllers/api/users_controller.rb:8
  [1m[36mUser Create (0.7ms)[0m  [1m[32mINSERT INTO "users" ("username", "password_digest", "email", "session_token", "created_at", "updated_at") VALUES ($1, $2, $3, $4, $5, $6) RETURNING "id"[0m  [["username", "michael_jackson"], ["password_digest", "$2a$12$sHj/ZeXIsqY9UQqieS9y5u406O8DAh.FY.UiKfNqA.navhElXYYPq"], ["email", "google@google.com"], ["session_token", "QTuecpG4gVrtumxXpUwnlg"], ["created_at", "2020-01-07 23:34:51.281310"], ["updated_at", "2020-01-07 23:34:51.281310"]]
  ↳ app/controllers/api/users_controller.rb:8
  [1m[35m (1.2ms)[0m  [1m[35mCOMMIT[0m
  ↳ app/controllers/api/users_controller.rb:8
  [1m[35m (0.2ms)[0m  [1m[35mBEGIN[0m
  ↳ app/models/user.rb:32
  [1m[36mUser Exists (0.4ms)[0m  [1m[34mSELECT  1 AS one FROM "users" WHERE "users"."username" = $1 AND "users"."id" != $2 LIMIT $3[0m  [["username", "michael_jackson"], ["id", 3], ["LIMIT", 1]]
  ↳ app/models/user.rb:32
  [1m[36mUser Exists (0.3ms)[0m  [1m[34mSELECT  1 AS one FROM "users" WHERE "users"."session_token" = $1 AND "users"."id" != $2 LIMIT $3[0m  [["session_token", "SuRab6yV51iD1mBW2rZPUg"], ["id", 3], ["LIMIT", 1]]
  ↳ app/models/user.rb:32
  [1m[36mUser Update (2.7ms)[0m  [1m[33mUPDATE "users" SET "session_token" = $1, "updated_at" = $2 WHERE "users"."id" = $3[0m  [["session_token", "SuRab6yV51iD1mBW2rZPUg"], ["updated_at", "2020-01-07 23:34:51.288517"], ["id", 3]]
  ↳ app/models/user.rb:32
  [1m[35m (0.5ms)[0m  [1m[35mCOMMIT[0m
  ↳ app/models/user.rb:32
Redirected to http://localhost:3000/api/users/3
Completed 200 OK in 282ms (ActiveRecord: 29.8ms)


Started GET "/api/users/3" for ::1 at 2020-01-07 15:34:51 -0800
Processing by Api::UsersController#show as JSON
  Parameters: {"id"=>"3"}
  [1m[36mUser Load (9.8ms)[0m  [1m[34mSELECT  "users".* FROM "users" WHERE "users"."id" = $1 LIMIT $2[0m  [["id", 3], ["LIMIT", 1]]
  ↳ app/controllers/api/users_controller.rb:17
  Rendering api/users/show.json.jbuilder
  Rendered api/users/show.json.jbuilder (0.7ms)
Completed 200 OK in 52ms (Views: 14.2ms | ActiveRecord: 13.3ms)


Started GET "/api/users/3" for ::1 at 2020-01-07 15:34:51 -0800
Processing by Api::UsersController#show as JSON
  Parameters: {"id"=>"3"}
  [1m[36mUser Load (0.9ms)[0m  [1m[34mSELECT  "users".* FROM "users" WHERE "users"."id" = $1 LIMIT $2[0m  [["id", 3], ["LIMIT", 1]]
  ↳ app/controllers/api/users_controller.rb:17
  Rendering api/users/show.json.jbuilder
  Rendered api/users/show.json.jbuilder (0.6ms)
Completed 200 OK in 17ms (Views: 9.8ms | ActiveRecord: 0.9ms)


  [1m[36mUser Load (0.7ms)[0m  [1m[34mSELECT  "users".* FROM "users" LIMIT $1[0m  [["LIMIT", 11]]
Started GET "/" for ::1 at 2020-01-07 15:36:18 -0800
Processing by StaticPagesController#root as HTML
  Rendering static_pages/root.html.erb within layouts/application
  [1m[36mUser Load (0.5ms)[0m  [1m[34mSELECT  "users".* FROM "users" WHERE "users"."session_token" = $1 LIMIT $2[0m  [["session_token", "SuRab6yV51iD1mBW2rZPUg"], ["LIMIT", 1]]
  ↳ app/controllers/application_controller.rb:6
  Rendered api/users/_user.json.jbuilder (6.1ms)
  Rendered static_pages/root.html.erb within layouts/application (14.5ms)
Completed 500 Internal Server Error in 28ms (ActiveRecord: 0.5ms)


  
ActionView::Template::Error (undefined method `username' for nil:NilClass):
    1: json.extract! @user, :username, :id, :email
  
app/views/api/users/_user.json.jbuilder:1:in `_app_views_api_users__user_json_jbuilder___1339019192476597561_70201509187500'
app/views/static_pages/root.html.erb:3:in `_app_views_static_pages_root_html_erb___2175490410866412554_70201509441940'
Started GET "/" for ::1 at 2020-01-07 15:36:25 -0800
Processing by StaticPagesController#root as HTML
  Rendering static_pages/root.html.erb within layouts/application
  [1m[36mUser Load (0.6ms)[0m  [1m[34mSELECT  "users".* FROM "users" WHERE "users"."session_token" = $1 LIMIT $2[0m  [["session_token", "SuRab6yV51iD1mBW2rZPUg"], ["LIMIT", 1]]
  ↳ app/controllers/application_controller.rb:6
  Rendered api/users/_user.json.jbuilder (5.5ms)
  Rendered static_pages/root.html.erb within layouts/application (13.5ms)
Completed 500 Internal Server Error in 29ms (ActiveRecord: 0.6ms)


  
ActionView::Template::Error (undefined method `username' for nil:NilClass):
    1: json.extract! @user, :username, :id, :email
  
app/views/api/users/_user.json.jbuilder:1:in `_app_views_api_users__user_json_jbuilder___1339019192476597561_70201469416540'
app/views/static_pages/root.html.erb:3:in `_app_views_static_pages_root_html_erb___2175490410866412554_70201510718220'
Started GET "/" for ::1 at 2020-01-07 15:36:36 -0800
Processing by StaticPagesController#root as HTML
  Rendering static_pages/root.html.erb within layouts/application
  [1m[36mUser Load (0.4ms)[0m  [1m[34mSELECT  "users".* FROM "users" WHERE "users"."session_token" = $1 LIMIT $2[0m  [["session_token", "SuRab6yV51iD1mBW2rZPUg"], ["LIMIT", 1]]
  ↳ app/controllers/application_controller.rb:6
  Rendered api/users/_user.json.jbuilder (6.0ms)
  Rendered static_pages/root.html.erb within layouts/application (10.4ms)
Completed 500 Internal Server Error in 25ms (ActiveRecord: 0.4ms)


  
ActionView::Template::Error (undefined method `username' for nil:NilClass):
    1: json.extract! @user, :username, :id, :email
  
app/views/api/users/_user.json.jbuilder:1:in `_app_views_api_users__user_json_jbuilder___1339019192476597561_70201465816380'
app/views/static_pages/root.html.erb:3:in `_app_views_static_pages_root_html_erb___2175490410866412554_70201465917800'
Started GET "/" for ::1 at 2020-01-07 15:37:08 -0800
Processing by StaticPagesController#root as HTML
  Rendering static_pages/root.html.erb within layouts/application
  [1m[36mUser Load (0.5ms)[0m  [1m[34mSELECT  "users".* FROM "users" WHERE "users"."session_token" = $1 LIMIT $2[0m  [["session_token", "SuRab6yV51iD1mBW2rZPUg"], ["LIMIT", 1]]
  ↳ app/controllers/application_controller.rb:6
  Rendered static_pages/root.html.erb within layouts/application (7.8ms)
Completed 500 Internal Server Error in 20ms (ActiveRecord: 0.5ms)


  
ActionView::Template::Error (Missing partial api/users/_user.json.jbuilder with {:locale=>[:en], :formats=>[:html], :variants=>[], :handlers=>[:raw, :erb, :html, :builder, :ruby, :coffee, :jbuilder]}. Searched in:
  * "/Users/richie/Documents/Ruby/full-stack/stockx-clone/app/views"
):
    1: <% if logged_in? %>
    2:   <script type="text/javascript">
    3:     window.currentUser = <%= render(
    4:       "api/users/user.json.jbuilder",
    5:       user: current_user
    6:     ).html_safe %>
  
app/views/static_pages/root.html.erb:3:in `_app_views_static_pages_root_html_erb___2175490410866412554_70201502669360'
Started GET "/" for ::1 at 2020-01-07 15:37:42 -0800
Processing by StaticPagesController#root as HTML
  Rendering static_pages/root.html.erb within layouts/application
  [1m[36mUser Load (0.8ms)[0m  [1m[34mSELECT  "users".* FROM "users" WHERE "users"."session_token" = $1 LIMIT $2[0m  [["session_token", "SuRab6yV51iD1mBW2rZPUg"], ["LIMIT", 1]]
  ↳ app/controllers/application_controller.rb:6
  Rendered api/users/_user.json.jbuilder (4.8ms)
  Rendered static_pages/root.html.erb within layouts/application (10.4ms)
Completed 500 Internal Server Error in 24ms (ActiveRecord: 0.8ms)


  
ActionView::Template::Error (undefined method `username' for nil:NilClass):
    1: json.extract! @user, :username, :id, :email
  
app/views/api/users/_user.json.jbuilder:1:in `_app_views_api_users__user_json_jbuilder___1339019192476597561_70201509738540'
app/views/static_pages/root.html.erb:3:in `_app_views_static_pages_root_html_erb___2175490410866412554_70201509751740'
Started GET "/" for ::1 at 2020-01-07 15:38:44 -0800
Processing by StaticPagesController#root as HTML
  Rendering static_pages/root.html.erb within layouts/application
  [1m[36mUser Load (0.4ms)[0m  [1m[34mSELECT  "users".* FROM "users" WHERE "users"."session_token" = $1 LIMIT $2[0m  [["session_token", "SuRab6yV51iD1mBW2rZPUg"], ["LIMIT", 1]]
  ↳ app/controllers/application_controller.rb:6
  Rendered api/users/_user.json.jbuilder (5.2ms)
  Rendered static_pages/root.html.erb within layouts/application (10.1ms)
Completed 500 Internal Server Error in 23ms (ActiveRecord: 0.4ms)


  
ActionView::Template::Error (undefined method `username' for nil:NilClass):
    1: json.extract! @user, :username, :id, :email
  
app/views/api/users/_user.json.jbuilder:1:in `_app_views_api_users__user_json_jbuilder___1339019192476597561_70201469268540'
app/views/static_pages/root.html.erb:4:in `_app_views_static_pages_root_html_erb___2175490410866412554_70201504092720'
Started GET "/" for ::1 at 2020-01-07 15:39:20 -0800
Processing by StaticPagesController#root as HTML
  Rendering static_pages/root.html.erb within layouts/application
  [1m[36mUser Load (0.3ms)[0m  [1m[34mSELECT  "users".* FROM "users" WHERE "users"."session_token" = $1 LIMIT $2[0m  [["session_token", "SuRab6yV51iD1mBW2rZPUg"], ["LIMIT", 1]]
  ↳ app/controllers/application_controller.rb:6
  Rendered api/users/_user.json.jbuilder (0.6ms)
  Rendered static_pages/root.html.erb within layouts/application (6.4ms)
Completed 200 OK in 72ms (Views: 68.3ms | ActiveRecord: 0.3ms)


Started POST "/api/session" for ::1 at 2020-01-07 15:39:29 -0800
Processing by Api::SessionsController#create as JSON
  Parameters: {"user"=>{"username"=>"michael_jackson", "email"=>"", "password"=>"[FILTERED]", "id"=>""}}
  [1m[36mUser Load (0.5ms)[0m  [1m[34mSELECT  "users".* FROM "users" WHERE "users"."username" = $1 LIMIT $2[0m  [["username", "michael_jackson"], ["LIMIT", 1]]
  ↳ app/models/user.rb:12
No template found for Api::SessionsController#create, rendering head :no_content
Completed 204 No Content in 310ms (ActiveRecord: 0.5ms)


Started POST "/api/session" for ::1 at 2020-01-07 15:39:34 -0800
Processing by Api::SessionsController#create as JSON
  Parameters: {"user"=>{"username"=>"michael_jackson", "email"=>"", "password"=>"[FILTERED]", "id"=>""}}
  [1m[36mUser Load (0.6ms)[0m  [1m[34mSELECT  "users".* FROM "users" WHERE "users"."username" = $1 LIMIT $2[0m  [["username", "michael_jackson"], ["LIMIT", 1]]
  ↳ app/models/user.rb:12
  [1m[35m (0.2ms)[0m  [1m[35mBEGIN[0m
  ↳ app/models/user.rb:32
  [1m[36mUser Exists (0.4ms)[0m  [1m[34mSELECT  1 AS one FROM "users" WHERE "users"."username" = $1 AND "users"."id" != $2 LIMIT $3[0m  [["username", "michael_jackson"], ["id", 3], ["LIMIT", 1]]
  ↳ app/models/user.rb:32
  [1m[36mUser Exists (0.5ms)[0m  [1m[34mSELECT  1 AS one FROM "users" WHERE "users"."session_token" = $1 AND "users"."id" != $2 LIMIT $3[0m  [["session_token", "iEpS79njqeGdEPNxH7ddfw"], ["id", 3], ["LIMIT", 1]]
  ↳ app/models/user.rb:32
  [1m[36mUser Update (0.4ms)[0m  [1m[33mUPDATE "users" SET "session_token" = $1, "updated_at" = $2 WHERE "users"."id" = $3[0m  [["session_token", "iEpS79njqeGdEPNxH7ddfw"], ["updated_at", "2020-01-07 23:39:34.313227"], ["id", 3]]
  ↳ app/models/user.rb:32
  [1m[35m (1.2ms)[0m  [1m[35mCOMMIT[0m
  ↳ app/models/user.rb:32
Redirected to http://localhost:3000/api/users/3
Completed 200 OK in 245ms (ActiveRecord: 3.3ms)


Started GET "/api/users/3" for ::1 at 2020-01-07 15:39:34 -0800
Processing by Api::UsersController#show as JSON
  Parameters: {"id"=>"3"}
  [1m[36mUser Load (3.2ms)[0m  [1m[34mSELECT  "users".* FROM "users" WHERE "users"."id" = $1 LIMIT $2[0m  [["id", 3], ["LIMIT", 1]]
  ↳ app/controllers/api/users_controller.rb:17
  Rendering api/users/show.json.jbuilder
  Rendered api/users/show.json.jbuilder (0.6ms)
Completed 200 OK in 25ms (Views: 14.1ms | ActiveRecord: 3.2ms)


Started GET "/api/users/3" for ::1 at 2020-01-07 15:39:34 -0800
Processing by Api::UsersController#show as JSON
  Parameters: {"id"=>"3"}
  [1m[36mUser Load (1.0ms)[0m  [1m[34mSELECT  "users".* FROM "users" WHERE "users"."id" = $1 LIMIT $2[0m  [["id", 3], ["LIMIT", 1]]
  ↳ app/controllers/api/users_controller.rb:17
  Rendering api/users/show.json.jbuilder
  Rendered api/users/show.json.jbuilder (0.7ms)
Completed 200 OK in 21ms (Views: 14.1ms | ActiveRecord: 1.0ms)


Started GET "/" for ::1 at 2020-01-07 15:39:40 -0800
Processing by StaticPagesController#root as HTML
  Rendering static_pages/root.html.erb within layouts/application
  [1m[36mUser Load (1.3ms)[0m  [1m[34mSELECT  "users".* FROM "users" WHERE "users"."session_token" = $1 LIMIT $2[0m  [["session_token", "iEpS79njqeGdEPNxH7ddfw"], ["LIMIT", 1]]
  ↳ app/controllers/application_controller.rb:6
  Rendered api/users/_user.json.jbuilder (0.5ms)
  Rendered static_pages/root.html.erb within layouts/application (8.2ms)
Completed 200 OK in 67ms (Views: 60.3ms | ActiveRecord: 1.3ms)


Started GET "/" for ::1 at 2020-01-07 15:39:43 -0800
Processing by StaticPagesController#root as HTML
  Rendering static_pages/root.html.erb within layouts/application
  [1m[36mUser Load (0.5ms)[0m  [1m[34mSELECT  "users".* FROM "users" WHERE "users"."session_token" = $1 LIMIT $2[0m  [["session_token", "iEpS79njqeGdEPNxH7ddfw"], ["LIMIT", 1]]
  ↳ app/controllers/application_controller.rb:6
  Rendered api/users/_user.json.jbuilder (0.7ms)
  Rendered static_pages/root.html.erb within layouts/application (8.4ms)
Completed 200 OK in 55ms (Views: 51.3ms | ActiveRecord: 0.5ms)


Started GET "/" for ::1 at 2020-01-07 15:40:19 -0800
Processing by StaticPagesController#root as HTML
  Rendering static_pages/root.html.erb within layouts/application
  [1m[36mUser Load (2.6ms)[0m  [1m[34mSELECT  "users".* FROM "users" WHERE "users"."session_token" = $1 LIMIT $2[0m  [["session_token", "iEpS79njqeGdEPNxH7ddfw"], ["LIMIT", 1]]
  ↳ app/controllers/application_controller.rb:6
  Rendered api/users/_user.json.jbuilder (0.5ms)
  Rendered static_pages/root.html.erb within layouts/application (11.8ms)
Completed 200 OK in 468ms (Views: 459.0ms | ActiveRecord: 2.6ms)


Started GET "/" for ::1 at 2020-01-07 15:40:21 -0800
Processing by StaticPagesController#root as HTML
  Rendering static_pages/root.html.erb within layouts/application
  [1m[36mUser Load (0.7ms)[0m  [1m[34mSELECT  "users".* FROM "users" WHERE "users"."session_token" = $1 LIMIT $2[0m  [["session_token", "iEpS79njqeGdEPNxH7ddfw"], ["LIMIT", 1]]
  ↳ app/controllers/application_controller.rb:6
  Rendered api/users/_user.json.jbuilder (0.6ms)
  Rendered static_pages/root.html.erb within layouts/application (7.5ms)
Completed 200 OK in 63ms (Views: 60.0ms | ActiveRecord: 0.7ms)


